<?xml version="1.0" encoding="UTF-8"?>
<!-- Generated by org.testng.reporters.JUnitReportReporter -->
<testsuite hostname="LAPTOP-OCCGCDND" failures="0" tests="1" name="seleniumjava.NavigationMethods" time="22.906" errors="0" timestamp="2023-05-14T14:21:16 IST" skipped="0">
  <testcase classname="seleniumjava.NavigationMethods" name="pageload" time="22.906"/>
  <system-out/>
</testsuite> <!-- seleniumjava.NavigationMethods -->
