<?xml version="1.0" encoding="UTF-8"?>
<!-- Generated by org.testng.reporters.JUnitReportReporter -->
<testsuite hostname="LAPTOP-OCCGCDND" failures="0" tests="1" name="seleniumjava.WindowHandle" time="45.244" errors="0" timestamp="2024-04-28T23:23:39 IST" skipped="0">
  <testcase classname="seleniumjava.WindowHandle" name="test" time="45.244"/>
  <system-out/>
</testsuite> <!-- seleniumjava.WindowHandle -->
