<?xml version="1.0" encoding="UTF-8"?>
<!-- Generated by org.testng.reporters.JUnitReportReporter -->
<testsuite hostname="LAPTOP-OCCGCDND" failures="0" tests="1" name="seleniumjava.RadioButtonSelect" time="8.184" errors="0" timestamp="2023-05-12T20:23:01 IST" skipped="0">
  <testcase classname="seleniumjava.RadioButtonSelect" name="test" time="8.184"/>
  <system-out/>
</testsuite> <!-- seleniumjava.RadioButtonSelect -->
