<?xml version="1.0" encoding="UTF-8"?>
<!-- Generated by org.testng.reporters.JUnitReportReporter -->
<testsuite hostname="LAPTOP-OCCGCDND" failures="0" tests="1" name="seleniumjava.Openbrowser" time="7.039" errors="0" timestamp="2023-05-12T08:25:20 IST" skipped="0">
  <testcase classname="seleniumjava.Openbrowser" name="Driver" time="7.039"/>
  <system-out/>
</testsuite> <!-- seleniumjava.Openbrowser -->
